[0.595s] Invoking command in '/home/batata/SEC_MP3/src/intruder_detection': PYTHONPATH=/home/batata/SEC_MP3/build/intruder_detection/prefix_override:/usr/lib/python3/dist-packages/colcon_core/task/python/colcon_distutils_commands:/home/batata/SEC_MP3/install/intruder_detection/lib/python3.10/site-packages:${PYTHONPATH} /usr/bin/python3 -W ignore:setup.py install is deprecated -W ignore:easy_install command is deprecated setup.py egg_info --egg-base ../../build/intruder_detection build --build-base /home/batata/SEC_MP3/build/intruder_detection/build install --record /home/batata/SEC_MP3/build/intruder_detection/install.log --single-version-externally-managed install_data
[0.811s] running egg_info
[0.811s] writing ../../build/intruder_detection/intruder_detection.egg-info/PKG-INFO
[0.812s] writing dependency_links to ../../build/intruder_detection/intruder_detection.egg-info/dependency_links.txt
[0.812s] writing entry points to ../../build/intruder_detection/intruder_detection.egg-info/entry_points.txt
[0.812s] writing requirements to ../../build/intruder_detection/intruder_detection.egg-info/requires.txt
[0.812s] writing top-level names to ../../build/intruder_detection/intruder_detection.egg-info/top_level.txt
[0.814s] reading manifest file '../../build/intruder_detection/intruder_detection.egg-info/SOURCES.txt'
[0.814s] writing manifest file '../../build/intruder_detection/intruder_detection.egg-info/SOURCES.txt'
[0.814s] running build
[0.814s] running build_py
[0.814s] running install
[0.815s] running install_lib
[0.816s] running install_data
[0.816s] running install_egg_info
[0.818s] removing '/home/batata/SEC_MP3/install/intruder_detection/lib/python3.10/site-packages/intruder_detection-0.0.0-py3.10.egg-info' (and everything under it)
[0.818s] Copying ../../build/intruder_detection/intruder_detection.egg-info to /home/batata/SEC_MP3/install/intruder_detection/lib/python3.10/site-packages/intruder_detection-0.0.0-py3.10.egg-info
[0.819s] running install_scripts
[0.838s] Installing intruder_detection script to /home/batata/SEC_MP3/install/intruder_detection/lib/intruder_detection
[0.839s] writing list of installed files to '/home/batata/SEC_MP3/build/intruder_detection/install.log'
[0.873s] Invoked command in '/home/batata/SEC_MP3/src/intruder_detection' returned '0': PYTHONPATH=/home/batata/SEC_MP3/build/intruder_detection/prefix_override:/usr/lib/python3/dist-packages/colcon_core/task/python/colcon_distutils_commands:/home/batata/SEC_MP3/install/intruder_detection/lib/python3.10/site-packages:${PYTHONPATH} /usr/bin/python3 -W ignore:setup.py install is deprecated -W ignore:easy_install command is deprecated setup.py egg_info --egg-base ../../build/intruder_detection build --build-base /home/batata/SEC_MP3/build/intruder_detection/build install --record /home/batata/SEC_MP3/build/intruder_detection/install.log --single-version-externally-managed install_data
